  OpenMP.cpp
  TBB.cpp
  Threads.cpp
C:\Program Files\Microsoft Visual Studio\2022\Professional\VC\Tools\MSVC\14.38.33130\include\type_traits(1741,98): warning C4244: аргумент: преобразование "const Value" в "int", возможна потеря данных
C:\Program Files\Microsoft Visual Studio\2022\Professional\VC\Tools\MSVC\14.38.33130\include\type_traits(1741,98): warning C4244:         with
C:\Program Files\Microsoft Visual Studio\2022\Professional\VC\Tools\MSVC\14.38.33130\include\type_traits(1741,98): warning C4244:         [
C:\Program Files\Microsoft Visual Studio\2022\Professional\VC\Tools\MSVC\14.38.33130\include\type_traits(1741,98): warning C4244:             Value=double
C:\Program Files\Microsoft Visual Studio\2022\Professional\VC\Tools\MSVC\14.38.33130\include\type_traits(1741,98): warning C4244:         ]
  (компиляция исходного файла "TBB.cpp")
  C:\Program Files\Microsoft Visual Studio\2022\Professional\VC\Tools\MSVC\14.38.33130\include\type_traits(1741,98):
  контекст создания экземпляра шаблона (сначала самый старый)
  	D:\Programming\Threads\Threads\TBB.cpp(168,21):
  	выполняется компиляция ссылки на экземпляр шаблон функции "Value tbb::detail::d1::parallel_reduce<range_type,double,tbb::start::<lambda_7>,tbb::start::<lambda_8>>(const Range &,const Value &,const RealBody &,const Reduction &)"
          with
          [
              Value=double,
              Range=range_type,
              RealBody=tbb::start::<lambda_7>,
              Reduction=tbb::start::<lambda_8>
          ]
  	D:\Programming\Threads\Threads\tbb\include\oneapi\tbb\parallel_reduce.h(514,56):
  	выполняется компиляция ссылки на экземпляр класс шаблон функции "tbb::detail::d1::lambda_reduce_body<range_type,double,tbb::start::<lambda_7>,tbb::start::<lambda_8>>"
  	D:\Programming\Threads\Threads\tbb\include\oneapi\tbb\parallel_reduce.h(395,10):
  	во время компиляции функции-члена класс шаблон "void tbb::detail::d1::lambda_reduce_body<range_type,double,tbb::start::<lambda_7>,tbb::start::<lambda_8>>::join(tbb::detail::d1::lambda_reduce_body<range_type,double,tbb::start::<lambda_7>,tbb::start::<lambda_8>> &)"
  		D:\Programming\Threads\Threads\tbb\include\oneapi\tbb\parallel_reduce.h(78,27):
  		см. первую ссылку на "tbb::detail::d1::lambda_reduce_body<range_type,double,tbb::start::<lambda_7>,tbb::start::<lambda_8>>::join" в "tbb::detail::d1::reduction_tree_node<Body>::join"
          with
          [
              Body=tbb::detail::d1::lambda_reduce_body<range_type,double,tbb::start::<lambda_7>,tbb::start::<lambda_8>>
          ]
  		D:\Programming\Threads\Threads\tbb\include\oneapi\tbb\partitioner.h(176,19):
  		см. первую ссылку на "tbb::detail::d1::reduction_tree_node<Body>::join" в "tbb::detail::d1::fold_tree"
          with
          [
              Body=tbb::detail::d1::lambda_reduce_body<range_type,double,tbb::start::<lambda_7>,tbb::start::<lambda_8>>
          ]
  	D:\Programming\Threads\Threads\tbb\include\oneapi\tbb\parallel_reduce.h(396,33):
  	выполняется компиляция ссылки на экземпляр шаблон функции "int tbb::detail::d0::invoke<const Reduction&,const Value&,const Value&>(F,const Value &,const Value &) noexcept(false)"
          with
          [
              Reduction=tbb::start::<lambda_8>,
              Value=double,
              F=const tbb::start::<lambda_8> &
          ]
  	D:\Programming\Threads\Threads\tbb\include\oneapi\tbb\detail\_utils.h(350,17):
  	выполняется компиляция ссылки на экземпляр шаблон функции "int std::invoke<const Reduction&,const Value&,const Value&>(_Callable,_Ty1,const Value &) noexcept(false)"
          with
          [
              Reduction=tbb::start::<lambda_8>,
              Value=double,
              _Callable=const tbb::start::<lambda_8> &,
              _Ty1=const double &
          ]
  
C:\Program Files\Microsoft Visual Studio\2022\Professional\VC\Tools\MSVC\14.38.33130\include\type_traits(1741,67): warning C4244: аргумент: преобразование "const Value" в "int", возможна потеря данных
C:\Program Files\Microsoft Visual Studio\2022\Professional\VC\Tools\MSVC\14.38.33130\include\type_traits(1741,67): warning C4244:         with
C:\Program Files\Microsoft Visual Studio\2022\Professional\VC\Tools\MSVC\14.38.33130\include\type_traits(1741,67): warning C4244:         [
C:\Program Files\Microsoft Visual Studio\2022\Professional\VC\Tools\MSVC\14.38.33130\include\type_traits(1741,67): warning C4244:             Value=double
C:\Program Files\Microsoft Visual Studio\2022\Professional\VC\Tools\MSVC\14.38.33130\include\type_traits(1741,67): warning C4244:         ]
  (компиляция исходного файла "TBB.cpp")
  
  Threads.vcxproj -> D:\Programming\Threads\x64\Debug\Threads.exe
